h:\a_workspace\thesis\porousflow\debug\vc120.pdb
h:\a_workspace\thesis\porousflow\debug\vc120.idb
h:\a_workspace\thesis\porousflow\debug\camera.obj
h:\a_workspace\thesis\porousflow\debug\config.obj
h:\a_workspace\thesis\porousflow\debug\glslprogram.obj
h:\a_workspace\thesis\porousflow\debug\main.obj
h:\a_workspace\thesis\porousflow\debug\mesh.obj
h:\a_workspace\thesis\porousflow\debug\object.obj
h:\a_workspace\thesis\porousflow\debug\sphfluidparticle.obj
h:\a_workspace\thesis\porousflow\debug\sphporousparticle.obj
h:\a_workspace\thesis\porousflow\debug\texture.obj
h:\a_workspace\thesis\porousflow\debug\framework.pdb
h:\a_workspace\thesis\porousflow\debug\framework.tlog\link.read.1.tlog
h:\a_workspace\thesis\porousflow\debug\framework.tlog\link-rc.write.1.tlog
h:\a_workspace\thesis\porousflow\debug\framework.tlog\cl.command.1.tlog
h:\a_workspace\thesis\porousflow\debug\framework.tlog\link.write.1.tlog
h:\a_workspace\thesis\porousflow\debug\framework.tlog\link.command.1.tlog
h:\a_workspace\thesis\porousflow\debug\framework.tlog\cl.write.1.tlog
h:\a_workspace\thesis\porousflow\debug\framework.tlog\link-cvtres.read.1.tlog
h:\a_workspace\thesis\porousflow\debug\framework.tlog\link-cvtres.write.1.tlog
h:\a_workspace\thesis\porousflow\debug\framework.tlog\cl.read.1.tlog
h:\a_workspace\thesis\porousflow\debug\framework.tlog\link-rc.read.1.tlog
