Build started 9/25/2015 6:39:46 PM.
     1>Project "D:\porousflow\opengl4.vcxproj" on node 2 (Build target(s)).
     1>ClCompile:
         C:\Program Files (x86)\Microsoft Visual Studio 14.0\VC\bin\CL.exe /c /ID:\porousflow\\include /ZI /nologo /W3 /WX- /Od /Oy- /D _MBCS /Gm /EHsc /RTC1 /MDd /GS /fp:precise /Zc:wchar_t /Zc:forScope /Zc:inline /Fo"Debug\\" /Fd"Debug\vc140.pdb" /Gd /TP /analyze- /errorReport:prompt app_perf.cpp Camera.cpp glslprogram.cpp main.cpp Mesh.cpp Object.cpp SPHFluidParticle.cpp SPHPorousParticle.cpp Texture.cpp
         Texture.cpp
         SPHPorousParticle.cpp
     1>d:\porousflow\sphparticle.h(10): fatal error C1083: Cannot open include file: 'libconfig.h++': No such file or directory
         SPHFluidParticle.cpp
     1>d:\porousflow\sphparticle.h(10): fatal error C1083: Cannot open include file: 'libconfig.h++': No such file or directory
         Object.cpp
         Mesh.cpp
     1>d:\porousflow\mesh.h(12): fatal error C1083: Cannot open include file: 'assimp/Importer.hpp': No such file or directory
         main.cpp
     1>d:\porousflow\mesh.h(12): fatal error C1083: Cannot open include file: 'assimp/Importer.hpp': No such file or directory
         glslprogram.cpp
         Camera.cpp
         app_perf.cpp
     1>d:\porousflow\app_perf.cpp(107): warning C4477: 'fprintf' : format string '%s' requires an argument of type 'char *', but variadic argument 3 has type 'char **'
     1>d:\porousflow\app_perf.cpp(508): warning C4244: 'return': conversion from '__int64' to 'int', possible loss of data
     1>d:\porousflow\app_perf.cpp(515): warning C4244: 'initializing': conversion from '__int64' to 'int', possible loss of data
     1>d:\porousflow\app_perf.cpp(523): warning C4244: 'initializing': conversion from '__int64' to 'int', possible loss of data
         Generating Code...
     1>Done Building Project "D:\porousflow\opengl4.vcxproj" (Build target(s)) -- FAILED.

Build FAILED.

Time Elapsed 00:00:23.48
